<?xml version="1.0" encoding="UTF-8"?>
<testsuite xmlns:xsi="http://www.w3.org/2001/XMLSchema-instance" xsi:noNamespaceSchemaLocation="https://maven.apache.org/surefire/maven-surefire-plugin/xsd/surefire-test-report.xsd" name="GameTest" time="0.085" tests="9" errors="0" skipped="0" failures="0">
  <properties>
[...]
</properties>
  <testcase name="shouldFindByName" classname="GameTest" time="0.048"/>
  <testcase name="shouldThrowAlreadyException" classname="GameTest" time="0.009"/>
  <testcase name="shouldRoundSecondPlayerWin" classname="GameTest" time="0.001"/>
  <testcase name="shouldTrowNotRegisteredExceptionForFirstPlayer" classname="GameTest" time="0.002"/>
  <testcase name="shouldRoundDraw" classname="GameTest" time="0.001"/>
  <testcase name="shouldRoundFirstPlayerWin" classname="GameTest" time="0"/>
  <testcase name="shouldTrowNotRegisteredExceptionForSecondPlayer" classname="GameTest" time="0.001"/>
  <testcase name="shouldTrowNotRegisteredExceptionForAllPlayers" classname="GameTest" time="0.001"/>
  <testcase name="shouldNotFindByName" classname="GameTest" time="0.001"/>
</testsuite>